<?xml version="1.0" encoding="UTF-8"?>
<!-- Generated by org.testng.reporters.JUnitReportReporter -->
<testsuite hostname="Fi-Sathish-D" failures="1" tests="31" name="API.Automation.Regression.GetAPI_All" time="16.656" errors="0" timestamp="2023-05-23T20:52:01 IST" skipped="0">
  <testcase classname="API.Automation.Regression.GetAPI_All" name="Super_Savings" time="0.282"/>
  <system-out/>
  <testcase classname="API.Automation.Regression.GetAPI_All" name="Investor_Goal_Holding" time="0.332"/>
  <system-out/>
  <testcase classname="API.Automation.Regression.GetAPI_All" name="Dashboard_portfolio_Allocation_credit" time="0.516"/>
  <system-out/>
  <testcase classname="API.Automation.Regression.GetAPI_All" name="product_search_mf_form" time="0.297"/>
  <system-out/>
  <testcase classname="API.Automation.Regression.GetAPI_All" name="Announcements" time="0.306"/>
  <system-out/>
  <testcase classname="API.Automation.Regression.GetAPI_All" name="MF_Scheme" time="0.305"/>
  <system-out/>
  <testcase classname="API.Automation.Regression.GetAPI_All" name="Investor_Goals" time="0.265"/>
  <system-out/>
  <testcase classname="API.Automation.Regression.GetAPI_All" name="lookup" time="0.277"/>
  <system-out/>
  <testcase classname="API.Automation.Regression.GetAPI_All" name="Holding_Profile" time="1.062"/>
  <system-out/>
  <testcase classname="API.Automation.Regression.GetAPI_All" name="NFO_Search" time="0.338"/>
  <system-out/>
  <testcase classname="API.Automation.Regression.GetAPI_All" name="Dashboard_portfolio_Allocation_fi_style" time="0.274"/>
  <system-out/>
  <testcase classname="API.Automation.Regression.GetAPI_All" name="Dashboard_portfolio_Allocation_Asset_All" time="0.263"/>
  <system-out/>
  <testcase classname="API.Automation.Regression.GetAPI_All" name="Dashboard_portfolio_Allocation_category" time="0.285"/>
  <system-out/>
  <testcase classname="API.Automation.Regression.GetAPI_All" name="ProductSearch_MF_Form" time="0.394"/>
  <system-out/>
  <testcase classname="API.Automation.Regression.GetAPI_All" name="Select_Funds" time="0.352"/>
  <system-out/>
  <testcase classname="API.Automation.Regression.GetAPI_All" name="Dashboard_Portfolio" time="0.711"/>
  <system-out/>
  <testcase classname="API.Automation.Regression.GetAPI_All" name="Folio_Banklist" time="0.269"/>
  <system-out/>
  <testcase classname="API.Automation.Regression.GetAPI_All" name="Invested_Schemes" time="1.113"/>
  <system-out/>
  <testcase classname="API.Automation.Regression.GetAPI_All" name="Dashboard" time="0.341"/>
  <system-out/>
  <testcase classname="API.Automation.Regression.GetAPI_All" name="Pending_Payments" time="0.292"/>
  <system-out/>
  <testcase classname="API.Automation.Regression.GetAPI_All" name="Transactions_Authorization" time="0.274"/>
  <system-out/>
  <testcase classname="API.Automation.Regression.GetAPI_All" name="Triggers" time="0.270"/>
  <system-out/>
  <testcase classname="API.Automation.Regression.GetAPI_All" name="Contact_Info" time="4.200"/>
  <system-out/>
  <testcase classname="API.Automation.Regression.GetAPI_All" name="STP" time="0.252"/>
  <system-out/>
  <testcase classname="API.Automation.Regression.GetAPI_All" name="Scheme_info" time="1.345"/>
  <system-out/>
  <testcase classname="API.Automation.Regression.GetAPI_All" name="Investor_Mandates" time="0.271"/>
  <system-out/>
  <testcase classname="API.Automation.Regression.GetAPI_All" name="Current_SIPS" time="0.330"/>
  <system-out/>
  <testcase classname="API.Automation.Regression.GetAPI_All" name="Power_STPs" time="0.301"/>
  <system-out/>
  <testcase classname="API.Automation.Regression.GetAPI_All" name="Recent_Transactions" time="0.259"/>
  <system-out/>
  <testcase classname="API.Automation.Regression.GetAPI_All" name="SWP" time="0.584"/>
  <system-out/>
  <testcase classname="API.Automation.Regression.GetAPI_All" name="Systematic_plan" time="0.296">
    <failure message="1 expectation failed.
Expected status code &lt;200&gt; but was &lt;500&gt;.
" type="java.lang.AssertionError">
      <![CDATA[java.lang.AssertionError: 1 expectation failed.
Expected status code <200> but was <500>.

at java.base/jdk.internal.reflect.DirectConstructorHandleAccessor.newInstance(DirectConstructorHandleAccessor.java:67)
at java.base/java.lang.reflect.Constructor.newInstanceWithCaller(Constructor.java:500)
at java.base/java.lang.reflect.Constructor.newInstance(Constructor.java:484)
at org.codehaus.groovy.reflection.CachedConstructor.invoke(CachedConstructor.java:73)
at org.codehaus.groovy.runtime.callsite.ConstructorSite$ConstructorSiteNoUnwrapNoCoerce.callConstructor(ConstructorSite.java:108)
at org.codehaus.groovy.runtime.callsite.CallSiteArray.defaultCallConstructor(CallSiteArray.java:57)
at org.codehaus.groovy.runtime.callsite.AbstractCallSite.callConstructor(AbstractCallSite.java:263)
at org.codehaus.groovy.runtime.callsite.AbstractCallSite.callConstructor(AbstractCallSite.java:277)
at io.restassured.internal.ResponseSpecificationImpl$HamcrestAssertionClosure.validate(ResponseSpecificationImpl.groovy:512)
at io.restassured.internal.ResponseSpecificationImpl$HamcrestAssertionClosure$validate$1.call(Unknown Source)
at io.restassured.internal.ResponseSpecificationImpl.validate(ResponseSpecificationImpl.groovy:101)
at io.restassured.internal.ValidatableResponseOptionsImpl.spec(ValidatableResponseOptionsImpl.java:288)
at API.Automation.Regression.GetAPI_All.Systematic_plan(All_Support.java:73)
at java.base/jdk.internal.reflect.DirectMethodHandleAccessor.invoke(DirectMethodHandleAccessor.java:104)
at java.base/java.lang.reflect.Method.invoke(Method.java:578)
at org.testng.internal.invokers.MethodInvocationHelper.invokeMethod(MethodInvocationHelper.java:139)
at org.testng.internal.invokers.TestInvoker.invokeMethod(TestInvoker.java:677)
at org.testng.internal.invokers.TestInvoker.invokeTestMethod(TestInvoker.java:221)
at org.testng.internal.invokers.MethodRunner.runInSequence(MethodRunner.java:50)
at org.testng.internal.invokers.TestInvoker$MethodInvocationAgent.invoke(TestInvoker.java:962)
at org.testng.internal.invokers.TestInvoker.invokeTestMethods(TestInvoker.java:194)
at org.testng.internal.invokers.TestMethodWorker.invokeTestMethods(TestMethodWorker.java:148)
at org.testng.internal.invokers.TestMethodWorker.run(TestMethodWorker.java:128)
at java.base/java.util.ArrayList.forEach(ArrayList.java:1511)
at org.testng.TestRunner.privateRun(TestRunner.java:806)
at org.testng.TestRunner.run(TestRunner.java:601)
at org.testng.SuiteRunner.runTest(SuiteRunner.java:433)
at org.testng.SuiteRunner.runSequentially(SuiteRunner.java:427)
at org.testng.SuiteRunner.privateRun(SuiteRunner.java:387)
at org.testng.SuiteRunner.run(SuiteRunner.java:330)
at org.testng.SuiteRunnerWorker.runSuite(SuiteRunnerWorker.java:52)
at org.testng.SuiteRunnerWorker.run(SuiteRunnerWorker.java:95)
at org.testng.TestNG.runSuitesSequentially(TestNG.java:1256)
at org.testng.TestNG.runSuitesLocally(TestNG.java:1176)
at org.testng.TestNG.runSuites(TestNG.java:1099)
at org.testng.TestNG.run(TestNG.java:1067)
at API.Automation.MainFile.Main_AllSupportGetAPI.main(Main_AllSupportGetAPI.java:17)
]]>
    </failure>
  </testcase> <!-- Systematic_plan -->
  <system-out/>
</testsuite> <!-- API.Automation.Regression.GetAPI_All -->
